  learnply.cpp
D:\CS554\learnply\Final\learnply\bmptotexture.h(51,7): warning C4996: 'fopen': This function or variable may be unsafe. Consider using fopen_s instead. To disable deprecation, use _CRT_SECURE_NO_WARNINGS. See online help for details.
D:\CS554\learnply\Final\learnply\RIdeformation.h(213,33): warning C4305: 'initializing': truncation from 'double' to 'float'
D:\CS554\learnply\Final\learnply\learnply.cpp(150,14): warning C4996: 'fopen': This function or variable may be unsafe. Consider using fopen_s instead. To disable deprecation, use _CRT_SECURE_NO_WARNINGS. See online help for details.
D:\CS554\learnply\Final\learnply\learnply.cpp(378,2): warning C4996: 'sprintf': This function or variable may be unsafe. Consider using sprintf_s instead. To disable deprecation, use _CRT_SECURE_NO_WARNINGS. See online help for details.
D:\CS554\learnply\Final\learnply\learnply.cpp(710,12): warning C4101: 'f': unreferenced local variable
D:\CS554\learnply\Final\learnply\learnply.cpp(709,9): warning C4101: 'j': unreferenced local variable
D:\CS554\learnply\Final\learnply\learnply.cpp(1135,14): warning C4018: '<': signed/unsigned mismatch
D:\CS554\learnply\Final\learnply\learnply.cpp(1179,13): warning C4018: '<': signed/unsigned mismatch
D:\CS554\learnply\Final\learnply\learnply.cpp(1196,13): warning C4018: '<': signed/unsigned mismatch
D:\CS554\learnply\Final\learnply\learnply.cpp(1205,14): warning C4018: '<': signed/unsigned mismatch
D:\CS554\learnply\Final\learnply\learnply.cpp(1577,16): warning C4996: 'fopen': This function or variable may be unsafe. Consider using fopen_s instead. To disable deprecation, use _CRT_SECURE_NO_WARNINGS. See online help for details.
D:\CS554\learnply\Final\learnply\learnply.cpp(1584,16): warning C4996: 'fopen': This function or variable may be unsafe. Consider using fopen_s instead. To disable deprecation, use _CRT_SECURE_NO_WARNINGS. See online help for details.
D:\CS554\learnply\Final\learnply\learnply.cpp(1586,5): warning C4996: 'fscanf': This function or variable may be unsafe. Consider using fscanf_s instead. To disable deprecation, use _CRT_SECURE_NO_WARNINGS. See online help for details.
D:\CS554\learnply\Final\learnply\learnply.cpp(1620,50): warning C4305: 'initializing': truncation from 'double' to 'GLfloat'
D:\CS554\learnply\Final\learnply\learnply.cpp(1621,50): warning C4305: 'initializing': truncation from 'double' to 'GLfloat'
D:\CS554\learnply\Final\learnply\learnply.cpp(1654,26): warning C4305: '=': truncation from 'double' to 'GLfloat'
D:\CS554\learnply\Final\learnply\learnply.cpp(1665,24): warning C4305: 'argument': truncation from 'double' to 'GLfloat'
D:\CS554\learnply\Final\learnply\learnply.cpp(1714,16): warning C4018: '<': signed/unsigned mismatch
D:\CS554\learnply\Final\learnply\learnply.cpp(1866,13): warning C4018: '<': signed/unsigned mismatch
D:\CS554\learnply\Final\learnply\learnply.cpp(4686,20): warning C4018: '<': signed/unsigned mismatch
D:\CS554\learnply\Final\learnply\learnply.cpp(6006,17): warning C4018: '<': signed/unsigned mismatch
D:\CS554\learnply\Final\learnply\learnply.cpp(6021,18): warning C4305: 'argument': truncation from 'double' to 'GLfloat'
D:\CS554\learnply\Final\learnply\learnply.cpp(6023,17): warning C4018: '<': signed/unsigned mismatch
D:\CS554\learnply\Final\learnply\learnply.cpp(6244,13): warning C4018: '<': signed/unsigned mismatch
D:\CS554\learnply\Final\learnply\learnply.cpp(6296,32): warning C4305: 'argument': truncation from 'double' to 'GLfloat'
D:\CS554\learnply\Final\learnply\learnply.cpp(6306,19): warning C4018: '<': signed/unsigned mismatch
D:\CS554\learnply\Final\learnply\learnply.cpp(6308,34): warning C4305: 'argument': truncation from 'double' to 'GLfloat'
D:\CS554\learnply\Final\learnply\learnply.cpp(6316,19): warning C4018: '<': signed/unsigned mismatch
D:\CS554\learnply\Final\learnply\learnply.cpp(6318,34): warning C4305: 'argument': truncation from 'double' to 'GLfloat'
D:\CS554\learnply\Final\learnply\learnply.cpp(6445,28): warning C4305: 'argument': truncation from 'double' to 'GLfloat'
D:\CS554\learnply\Final\learnply\learnply.cpp(6493,28): warning C4305: 'argument': truncation from 'double' to 'GLfloat'
icVector.obj : warning LNK4075: ignoring '/EDITANDCONTINUE' due to '/INCREMENTAL:NO' specification
  learnply.vcxproj -> D:\CS554\learnply\Final\learnply\.\Debug\learnply.exe
